app/build/intermediates/manifest_merge_blame_file/debug/manifest-merger-blame-debug-report.txt
1<?xml version="1.0" encoding="utf-8"?>
2<manifest xmlns:android="http://schemas.android.com/apk/res/android"
3    package="com.example.daiscrivi_mobileapp_semester4"
4    android:versionCode="1"
5    android:versionName="1.0" >
6
7    <uses-sdk
8        android:minSdkVersion="24"
8-->src\main\AndroidManifest.xml
9        android:targetSdkVersion="33" />
9-->src\main\AndroidManifest.xml
10
11    <uses-permission android:name="android.permission.INTERNET" />
11-->src\main\AndroidManifest.xml:5:5-67
11-->src\main\AndroidManifest.xml:5:22-64
12
13    <permission
13-->[androidx.core:core:1.9.0] AndroidManifest.xml:22:5-24:47
14        android:name="com.example.daiscrivi_mobileapp_semester4.DYNAMIC_RECEIVER_NOT_EXPORTED_PERMISSION"
14-->[androidx.core:core:1.9.0] AndroidManifest.xml:23:9-81
15        android:protectionLevel="signature" />
15-->[androidx.core:core:1.9.0] AndroidManifest.xml:24:9-44
16
17    <uses-permission android:name="com.example.daiscrivi_mobileapp_semester4.DYNAMIC_RECEIVER_NOT_EXPORTED_PERMISSION" />
17-->[androidx.core:core:1.9.0] AndroidManifest.xml:26:5-97
17-->[androidx.core:core:1.9.0] AndroidManifest.xml:26:22-94
18
19    <application
19-->src\main\AndroidManifest.xml:7:5-47:19
20        android:allowBackup="true"
20-->src\main\AndroidManifest.xml:8:9-35
21        android:appComponentFactory="androidx.core.app.CoreComponentFactory"
21-->[androidx.core:core:1.9.0] AndroidManifest.xml:28:18-86
22        android:dataExtractionRules="@xml/data_extraction_rules"
22-->src\main\AndroidManifest.xml:9:9-65
23        android:debuggable="true"
24        android:extractNativeLibs="false"
25        android:fullBackupContent="@xml/backup_rules"
25-->src\main\AndroidManifest.xml:10:9-54
26        android:icon="@drawable/logo_yuknulis"
26-->src\main\AndroidManifest.xml:11:9-47
27        android:label="@string/app_name"
27-->src\main\AndroidManifest.xml:12:9-41
28        android:supportsRtl="true"
28-->src\main\AndroidManifest.xml:13:9-35
29        android:testOnly="true"
30        android:theme="@style/Theme.DaiScrivi_MobileApp_Semester4"
30-->src\main\AndroidManifest.xml:14:9-67
31        android:usesCleartextTraffic="true" >
31-->src\main\AndroidManifest.xml:15:9-44
32        <activity
32-->src\main\AndroidManifest.xml:17:9-19:40
33            android:name="com.example.daiscrivi_mobileapp_semester4.ProfileActivity"
33-->src\main\AndroidManifest.xml:18:13-44
34            android:exported="false" />
34-->src\main\AndroidManifest.xml:19:13-37
35        <activity
35-->src\main\AndroidManifest.xml:20:9-22:39
36            android:name="com.example.daiscrivi_mobileapp_semester4.RegisterActivity"
36-->src\main\AndroidManifest.xml:21:13-45
37            android:exported="true" />
37-->src\main\AndroidManifest.xml:22:13-36
38        <activity
38-->src\main\AndroidManifest.xml:23:9-25:39
39            android:name="com.example.daiscrivi_mobileapp_semester4.MainActivity"
39-->src\main\AndroidManifest.xml:24:13-41
40            android:exported="true" />
40-->src\main\AndroidManifest.xml:25:13-36
41        <activity
41-->src\main\AndroidManifest.xml:26:9-28:39
42            android:name="com.example.daiscrivi_mobileapp_semester4.LoginActivity"
42-->src\main\AndroidManifest.xml:27:13-42
43            android:exported="true" />
43-->src\main\AndroidManifest.xml:28:13-36
44        <activity
44-->src\main\AndroidManifest.xml:29:9-31:39
45            android:name="com.example.daiscrivi_mobileapp_semester4.SearchFragment"
45-->src\main\AndroidManifest.xml:30:13-43
46            android:exported="true" />
46-->src\main\AndroidManifest.xml:31:13-36
47        <activity
47-->src\main\AndroidManifest.xml:32:9-34:39
48            android:name="com.example.daiscrivi_mobileapp_semester4.DetailHomeFragment"
48-->src\main\AndroidManifest.xml:33:13-47
49            android:exported="true" />
49-->src\main\AndroidManifest.xml:34:13-36
50        <activity
50-->src\main\AndroidManifest.xml:35:9-37:39
51            android:name="com.example.daiscrivi_mobileapp_semester4.WelcomePage"
51-->src\main\AndroidManifest.xml:36:13-40
52            android:exported="false" />
52-->src\main\AndroidManifest.xml:37:13-37
53        <activity
53-->src\main\AndroidManifest.xml:38:9-46:20
54            android:name="com.example.daiscrivi_mobileapp_semester4.OnBoardActivity"
54-->src\main\AndroidManifest.xml:39:13-44
55            android:exported="true" >
55-->src\main\AndroidManifest.xml:40:13-36
56            <intent-filter>
56-->src\main\AndroidManifest.xml:41:13-45:29
57                <action android:name="android.intent.action.MAIN" />
57-->src\main\AndroidManifest.xml:42:17-69
57-->src\main\AndroidManifest.xml:42:25-66
58
59                <category android:name="android.intent.category.LAUNCHER" />
59-->src\main\AndroidManifest.xml:44:17-77
59-->src\main\AndroidManifest.xml:44:27-74
60            </intent-filter>
61        </activity>
62
63        <provider
63-->[androidx.emoji2:emoji2:1.2.0] AndroidManifest.xml:24:9-32:20
64            android:name="androidx.startup.InitializationProvider"
64-->[androidx.emoji2:emoji2:1.2.0] AndroidManifest.xml:25:13-67
65            android:authorities="com.example.daiscrivi_mobileapp_semester4.androidx-startup"
65-->[androidx.emoji2:emoji2:1.2.0] AndroidManifest.xml:26:13-68
66            android:exported="false" >
66-->[androidx.emoji2:emoji2:1.2.0] AndroidManifest.xml:27:13-37
67            <meta-data
67-->[androidx.emoji2:emoji2:1.2.0] AndroidManifest.xml:29:13-31:52
68                android:name="androidx.emoji2.text.EmojiCompatInitializer"
68-->[androidx.emoji2:emoji2:1.2.0] AndroidManifest.xml:30:17-75
69                android:value="androidx.startup" />
69-->[androidx.emoji2:emoji2:1.2.0] AndroidManifest.xml:31:17-49
70            <meta-data
70-->[androidx.lifecycle:lifecycle-process:2.4.1] AndroidManifest.xml:31:13-33:52
71                android:name="androidx.lifecycle.ProcessLifecycleInitializer"
71-->[androidx.lifecycle:lifecycle-process:2.4.1] AndroidManifest.xml:32:17-78
72                android:value="androidx.startup" />
72-->[androidx.lifecycle:lifecycle-process:2.4.1] AndroidManifest.xml:33:17-49
73        </provider>
74    </application>
75
76</manifest>